C:\Users\j.turnbull\PycharmProjects\SentimentApp/Datasets/ElectronicsReviews/output.json.gz
240
C:\Users\j.turnbull\PycharmProjects\SentimentApp/Datasets/ElectronicsReviews/\elecReview (1).gz
5242976
1
C:\Users\j.turnbull\PycharmProjects\SentimentApp/Datasets/ElectronicsReviews/\elecReview (2).gz
5242976
2
C:\Users\j.turnbull\PycharmProjects\SentimentApp/Datasets/ElectronicsReviews/\elecReview (3).gz
5242976
3
C:\Users\j.turnbull\PycharmProjects\SentimentApp/Datasets/ElectronicsReviews/\elecReview (4).gz
5242976
4
C:\Users\j.turnbull\PycharmProjects\SentimentApp/Datasets/ElectronicsReviews/\elecReview (5).gz
5242976
5
C:\Users\j.turnbull\PycharmProjects\SentimentApp/Datasets/ElectronicsReviews/\elecReview (6).gz
5242976
6
C:\Users\j.turnbull\PycharmProjects\SentimentApp/Datasets/ElectronicsReviews/\elecReview (7).gz
5242976
7
C:\Users\j.turnbull\PycharmProjects\SentimentApp/Datasets/ElectronicsReviews/\elecReview (8).gz
5242976
8
C:\Users\j.turnbull\PycharmProjects\SentimentApp/Datasets/ElectronicsReviews/\output.json.gz
240
9
       reviewerID        asin  ... unixReviewTime   reviewTime
0   AO94DHGC771SJ  0528881469  ...     1370131200   06 2, 2013
1   AO94DHGC771SJ  0528881469  ...     1370131200   06 2, 2013
2   AMO214LNFCEI4  0528881469  ...     1290643200  11 25, 2010
3  A3N7T0DY83Y4IG  0528881469  ...     1283990400   09 9, 2010
4  A1H8PY3QHMQQA0  0528881469  ...     1290556800  11 24, 2010

[5 rows x 9 columns]
    overall    count
0  negative   157257
1  positive  1202745
  overall   count
0       1   90502
1       2   66755
2       3  113581
3       4  277083
4       5  812081
<class 'pandas.core.frame.DataFrame'>
RangeIndex: 1360002 entries, 0 to 1360001
Data columns (total 9 columns):
reviewerID        1360002 non-null object
asin              1360002 non-null object
reviewerName      1342144 non-null object
helpful           1360002 non-null object
reviewText        1360002 non-null object
overall           1360002 non-null float64
summary           1360002 non-null object
unixReviewTime    1360002 non-null int64
reviewTime        1360002 non-null object
dtypes: float64(1), int64(1), object(7)
memory usage: 1.4 GB
  overall   count
0       1   72335
1       2   53403
2       3   91160
3       4  221844
4       5  649259
  overall  count
0       1   5000
1       2   5000
2       3   5000
3       4   5000
4       5   5001
C:\Users\j.turnbull\PycharmProjects\SentimentApp\venv\lib\site-packages\pandas\core\indexing.py:190: SettingWithCopyWarning: 
A value is trying to be set on a copy of a slice from a DataFrame

See the caveats in the documentation: http://pandas.pydata.org/pandas-docs/stable/indexing.html#indexing-view-versus-copy
  self._setitem_with_indexer(indexer, value)
C:\Users\j.turnbull\PycharmProjects\SentimentApp\dataprocess.py:129: SettingWithCopyWarning: 
A value is trying to be set on a copy of a slice from a DataFrame.
Try using .loc[row_indexer,col_indexer] = value instead

See the caveats in the documentation: http://pandas.pydata.org/pandas-docs/stable/indexing.html#indexing-view-versus-copy
  train_set['sentiment'] = 'positive'
C:\Users\j.turnbull\PycharmProjects\SentimentApp\dataprocess.py:130: SettingWithCopyWarning: 
A value is trying to be set on a copy of a slice from a DataFrame

See the caveats in the documentation: http://pandas.pydata.org/pandas-docs/stable/indexing.html#indexing-view-versus-copy
  train_set['sentiment'].loc[negative_rating_indices] = 'negative'
Test data uploaded
X_train:
<25001x10000 sparse matrix of type '<class 'numpy.int64'>'
	with 1836542 stored elements in Compressed Sparse Row format>
Number of features: 10000
First 20 features:
['00', '000', '01', '02', '03', '04', '05', '06', '07', '08', '09', '10', '100', '1000', '1005ha', '100mb', '100mbps', '100mm', '100s', '101']
Features 2010 to 2030:
['concerns', 'concert', 'concerts', 'conclude', 'concluded', 'conclusion', 'concrete', 'concur', 'condition', 'conditioning', 'conditions', 'condo', 'conduct', 'conductor', 'cone', 'cones', 'conference', 'conferencing', 'confidence', 'confident']
Every 500th feature:
['00', 'accomplish', 'automobile', 'buys', 'computers', 'delivering', 'eating', 'fewer', 'graduation', 'improperly', 'language', 'melted', 'obscure', 'plan', 'rays', 'route', 'skullcandy', 'subjective', 'tooth', 'vga']
C:\Users\j.turnbull\PycharmProjects\SentimentApp\venv\lib\site-packages\sklearn\linear_model\sag.py:334: ConvergenceWarning: The max_iter was reached which means the coef_ did not converge
  "the coef_ did not converge", ConvergenceWarning)
C:\Users\j.turnbull\PycharmProjects\SentimentApp\venv\lib\site-packages\sklearn\linear_model\logistic.py:758: ConvergenceWarning: lbfgs failed to converge. Increase the number of iterations.
  "of iterations.", ConvergenceWarning)
C:\Users\j.turnbull\PycharmProjects\SentimentApp\venv\lib\site-packages\sklearn\linear_model\logistic.py:758: ConvergenceWarning: lbfgs failed to converge. Increase the number of iterations.
  "of iterations.", ConvergenceWarning)
C:\Users\j.turnbull\PycharmProjects\SentimentApp\venv\lib\site-packages\sklearn\linear_model\logistic.py:758: ConvergenceWarning: lbfgs failed to converge. Increase the number of iterations.
  "of iterations.", ConvergenceWarning)
C:\Users\j.turnbull\PycharmProjects\SentimentApp\venv\lib\site-packages\sklearn\linear_model\logistic.py:758: ConvergenceWarning: lbfgs failed to converge. Increase the number of iterations.
  "of iterations.", ConvergenceWarning)
C:\Users\j.turnbull\PycharmProjects\SentimentApp\venv\lib\site-packages\sklearn\linear_model\logistic.py:758: ConvergenceWarning: lbfgs failed to converge. Increase the number of iterations.
  "of iterations.", ConvergenceWarning)
C:\Users\j.turnbull\PycharmProjects\SentimentApp\venv\lib\site-packages\sklearn\linear_model\sag.py:334: ConvergenceWarning: The max_iter was reached which means the coef_ did not converge
  "the coef_ did not converge", ConvergenceWarning)
C:\Users\j.turnbull\PycharmProjects\SentimentApp\venv\lib\site-packages\sklearn\linear_model\logistic.py:758: ConvergenceWarning: lbfgs failed to converge. Increase the number of iterations.
  "of iterations.", ConvergenceWarning)
C:\Users\j.turnbull\PycharmProjects\SentimentApp\venv\lib\site-packages\sklearn\linear_model\logistic.py:758: ConvergenceWarning: lbfgs failed to converge. Increase the number of iterations.
  "of iterations.", ConvergenceWarning)
C:\Users\j.turnbull\PycharmProjects\SentimentApp\venv\lib\site-packages\sklearn\linear_model\logistic.py:758: ConvergenceWarning: lbfgs failed to converge. Increase the number of iterations.
  "of iterations.", ConvergenceWarning)
C:\Users\j.turnbull\PycharmProjects\SentimentApp\venv\lib\site-packages\sklearn\linear_model\logistic.py:758: ConvergenceWarning: lbfgs failed to converge. Increase the number of iterations.
  "of iterations.", ConvergenceWarning)
C:\Users\j.turnbull\PycharmProjects\SentimentApp\venv\lib\site-packages\sklearn\linear_model\logistic.py:758: ConvergenceWarning: lbfgs failed to converge. Increase the number of iterations.
  "of iterations.", ConvergenceWarning)
C:\Users\j.turnbull\PycharmProjects\SentimentApp\venv\lib\site-packages\sklearn\linear_model\sag.py:334: ConvergenceWarning: The max_iter was reached which means the coef_ did not converge
  "the coef_ did not converge", ConvergenceWarning)
C:\Users\j.turnbull\PycharmProjects\SentimentApp\venv\lib\site-packages\sklearn\linear_model\logistic.py:758: ConvergenceWarning: lbfgs failed to converge. Increase the number of iterations.
  "of iterations.", ConvergenceWarning)
C:\Users\j.turnbull\PycharmProjects\SentimentApp\venv\lib\site-packages\sklearn\linear_model\logistic.py:758: ConvergenceWarning: lbfgs failed to converge. Increase the number of iterations.
  "of iterations.", ConvergenceWarning)
C:\Users\j.turnbull\PycharmProjects\SentimentApp\venv\lib\site-packages\sklearn\linear_model\logistic.py:758: ConvergenceWarning: lbfgs failed to converge. Increase the number of iterations.
  "of iterations.", ConvergenceWarning)
C:\Users\j.turnbull\PycharmProjects\SentimentApp\venv\lib\site-packages\sklearn\linear_model\logistic.py:758: ConvergenceWarning: lbfgs failed to converge. Increase the number of iterations.
  "of iterations.", ConvergenceWarning)
C:\Users\j.turnbull\PycharmProjects\SentimentApp\venv\lib\site-packages\sklearn\linear_model\logistic.py:758: ConvergenceWarning: lbfgs failed to converge. Increase the number of iterations.
  "of iterations.", ConvergenceWarning)
C:\Users\j.turnbull\PycharmProjects\SentimentApp\venv\lib\site-packages\sklearn\linear_model\sag.py:334: ConvergenceWarning: The max_iter was reached which means the coef_ did not converge
  "the coef_ did not converge", ConvergenceWarning)
C:\Users\j.turnbull\PycharmProjects\SentimentApp\venv\lib\site-packages\sklearn\svm\base.py:931: ConvergenceWarning: Liblinear failed to converge, increase the number of iterations.
  "the number of iterations.", ConvergenceWarning)
C:\Users\j.turnbull\PycharmProjects\SentimentApp\venv\lib\site-packages\sklearn\linear_model\logistic.py:758: ConvergenceWarning: lbfgs failed to converge. Increase the number of iterations.
  "of iterations.", ConvergenceWarning)
C:\Users\j.turnbull\PycharmProjects\SentimentApp\venv\lib\site-packages\sklearn\linear_model\logistic.py:758: ConvergenceWarning: lbfgs failed to converge. Increase the number of iterations.
  "of iterations.", ConvergenceWarning)
C:\Users\j.turnbull\PycharmProjects\SentimentApp\venv\lib\site-packages\sklearn\linear_model\logistic.py:758: ConvergenceWarning: lbfgs failed to converge. Increase the number of iterations.
  "of iterations.", ConvergenceWarning)
C:\Users\j.turnbull\PycharmProjects\SentimentApp\venv\lib\site-packages\sklearn\linear_model\logistic.py:758: ConvergenceWarning: lbfgs failed to converge. Increase the number of iterations.
  "of iterations.", ConvergenceWarning)
C:\Users\j.turnbull\PycharmProjects\SentimentApp\venv\lib\site-packages\sklearn\linear_model\logistic.py:758: ConvergenceWarning: lbfgs failed to converge. Increase the number of iterations.
  "of iterations.", ConvergenceWarning)
C:\Users\j.turnbull\PycharmProjects\SentimentApp\venv\lib\site-packages\sklearn\linear_model\sag.py:334: ConvergenceWarning: The max_iter was reached which means the coef_ did not converge
  "the coef_ did not converge", ConvergenceWarning)
Best cross-validation LogisticReg score: 0.77
Best parameters:  {'C': 0.1, 'solver': 'newton-cg'}
Test data score: 0.90
Best cross-validation RandomForest score: 0.75
Best parameters:  {'n_estimators': 200}
Test data score: 0.91
Best cross-validation GradientBoostingClassifier score: 0.75
Best parameters:  {'learning_rate': 0.3}
Test data score: 0.89
